# JRE version: OpenJDK Runtime Environment (17.0.6) (build 17.0.6+0-b2043.56-10027231)
# Java VM: OpenJDK 64-Bit Server VM (17.0.6+0-b2043.56-10027231, mixed mode, tiered, compressed oops, compressed class ptrs, g1 gc, windows-amd64)
GC Precious Log:
 CPUs: 2 total, 2 available
 Memory: 3552M
 Large Page Support: Disabled
 NUMA Support: Disabled
 Compressed Oops: Enabled (32-bit)
 Heap Region Size: 1M
 Heap Min Capacity: 8M
 Heap Initial Capacity: 56M
 Heap Max Capacity: 890M
 Pre-touch: Disabled
 Parallel Workers: 2
 Concurrent Workers: 1
 Concurrent Refinement Workers: 2
 Periodic GC: Disabled
Heap:
 garbage-first heap   total 63488K, used 23786K [0x00000000c8600000, 0x0000000100000000)
  region size 1024K, 3 young (3072K), 2 survivors (2048K)
 Metaspace       used 40744K, committed 40960K, reserved 1089536K
  class space    used 5006K, committed 5056K, reserved 1048576K
GC Heap History (20 events):
Event: 0.972 GC heap before
{Heap before GC invocations=1 (full 0):
 garbage-first heap   total 57344K, used 10005K [0x00000000c8600000, 0x0000000100000000)
  region size 1024K, 6 young (6144K), 1 survivors (1024K)
 Metaspace       used 9700K, committed 9856K, reserved 1064960K
  class space    used 805K, committed 896K, reserved 1048576K
}
Event: 0.977 GC heap after
{Heap after GC invocations=2 (full 0):
 garbage-first heap   total 57344K, used 5273K [0x00000000c8600000, 0x0000000100000000)
  region size 1024K, 1 young (1024K), 1 survivors (1024K)
 Metaspace       used 9700K, committed 9856K, reserved 1064960K
  class space    used 805K, committed 896K, reserved 1048576K
}
Event: 1.571 GC heap before
{Heap before GC invocations=2 (full 0):
 garbage-first heap   total 57344K, used 16537K [0x00000000c8600000, 0x0000000100000000)
  region size 1024K, 13 young (13312K), 1 survivors (1024K)
 Metaspace       used 13080K, committed 13248K, reserved 1064960K
  class space    used 1233K, committed 1280K, reserved 1048576K
}
Event: 1.578 GC heap after
{Heap after GC invocations=3 (full 0):
 garbage-first heap   total 57344K, used 6345K [0x00000000c8600000, 0x0000000100000000)
  region size 1024K, 2 young (2048K), 2 survivors (2048K)
 Metaspace       used 13080K, committed 13248K, reserved 1064960K
  class space    used 1233K, committed 1280K, reserved 1048576K
}
Event: 3.284 GC heap before
{Heap before GC invocations=3 (full 0):
 garbage-first heap   total 57344K, used 37065K [0x00000000c8600000, 0x0000000100000000)
  region size 1024K, 33 young (33792K), 2 survivors (2048K)
 Metaspace       used 21329K, committed 21504K, reserved 1073152K
  class space    used 2295K, committed 2368K, reserved 1048576K
}
Event: 3.304 GC heap after
{Heap after GC invocations=4 (full 0):
 garbage-first heap   total 57344K, used 9703K [0x00000000c8600000, 0x0000000100000000)
  region size 1024K, 5 young (5120K), 5 survivors (5120K)
 Metaspace       used 21329K, committed 21504K, reserved 1073152K
  class space    used 2295K, committed 2368K, reserved 1048576K
}
Event: 4.618 GC heap before
{Heap before GC invocations=5 (full 0):
 garbage-first heap   total 37888K, used 30183K [0x00000000c8600000, 0x0000000100000000)
  region size 1024K, 22 young (22528K), 5 survivors (5120K)
 Metaspace       used 26705K, committed 26944K, reserved 1073152K
  class space    used 2912K, committed 3008K, reserved 1048576K
}
Event: 4.642 GC heap after
{Heap after GC invocations=6 (full 0):
 garbage-first heap   total 46080K, used 14774K [0x00000000c8600000, 0x0000000100000000)
  region size 1024K, 2 young (2048K), 2 survivors (2048K)
 Metaspace       used 26705K, committed 26944K, reserved 1073152K
  class space    used 2912K, committed 3008K, reserved 1048576K
}
Event: 4.693 GC heap before
{Heap before GC invocations=6 (full 0):
 garbage-first heap   total 46080K, used 14774K [0x00000000c8600000, 0x0000000100000000)
  region size 1024K, 3 young (3072K), 2 survivors (2048K)
 Metaspace       used 26962K, committed 27264K, reserved 1073152K
  class space    used 2945K, committed 3072K, reserved 1048576K
}
Event: 4.699 GC heap after
{Heap after GC invocations=7 (full 0):
 garbage-first heap   total 46080K, used 15113K [0x00000000c8600000, 0x0000000100000000)
  region size 1024K, 1 young (1024K), 1 survivors (1024K)
 Metaspace       used 26962K, committed 27264K, reserved 1073152K
  class space    used 2945K, committed 3072K, reserved 1048576K
}
Event: 7.599 GC heap before
{Heap before GC invocations=7 (full 0):
 garbage-first heap   total 46080K, used 34569K [0x00000000c8600000, 0x0000000100000000)
  region size 1024K, 18 young (18432K), 1 survivors (1024K)
 Metaspace       used 31559K, committed 31808K, reserved 1081344K
  class space    used 3808K, committed 3904K, reserved 1048576K
}
Event: 7.607 GC heap after
{Heap after GC invocations=8 (full 0):
 garbage-first heap   total 46080K, used 18554K [0x00000000c8600000, 0x0000000100000000)
  region size 1024K, 2 young (2048K), 2 survivors (2048K)
 Metaspace       used 31559K, committed 31808K, reserved 1081344K
  class space    used 3808K, committed 3904K, reserved 1048576K
}
Event: 8.559 GC heap before
{Heap before GC invocations=8 (full 0):
 garbage-first heap   total 46080K, used 32890K [0x00000000c8600000, 0x0000000100000000)
  region size 1024K, 17 young (17408K), 2 survivors (2048K)
 Metaspace       used 34040K, committed 34240K, reserved 1081344K
  class space    used 4320K, committed 4416K, reserved 1048576K
}
Event: 8.576 GC heap after
{Heap after GC invocations=9 (full 0):
 garbage-first heap   total 46080K, used 21714K [0x00000000c8600000, 0x0000000100000000)
  region size 1024K, 3 young (3072K), 3 survivors (3072K)
 Metaspace       used 34040K, committed 34240K, reserved 1081344K
  class space    used 4320K, committed 4416K, reserved 1048576K
}
Event: 9.265 GC heap before
{Heap before GC invocations=9 (full 0):
 garbage-first heap   total 46080K, used 28882K [0x00000000c8600000, 0x0000000100000000)
  region size 1024K, 11 young (11264K), 3 survivors (3072K)
 Metaspace       used 35945K, committed 36096K, reserved 1081344K
  class space    used 4533K, committed 4608K, reserved 1048576K
}
Event: 9.278 GC heap after
{Heap after GC invocations=10 (full 0):
 garbage-first heap   total 46080K, used 22674K [0x00000000c8600000, 0x0000000100000000)
  region size 1024K, 1 young (1024K), 1 survivors (1024K)
 Metaspace       used 35945K, committed 36096K, reserved 1081344K
  class space    used 4533K, committed 4608K, reserved 1048576K
}
Event: 10.149 GC heap before
{Heap before GC invocations=11 (full 0):
 garbage-first heap   total 46080K, used 33938K [0x00000000c8600000, 0x0000000100000000)
  region size 1024K, 13 young (13312K), 1 survivors (1024K)
 Metaspace       used 38074K, committed 38272K, reserved 1089536K
  class space    used 4795K, committed 4864K, reserved 1048576K
}
Event: 10.159 GC heap after
{Heap after GC invocations=12 (full 0):
 garbage-first heap   total 46080K, used 22342K [0x00000000c8600000, 0x0000000100000000)
  region size 1024K, 2 young (2048K), 2 survivors (2048K)
 Metaspace       used 38074K, committed 38272K, reserved 1089536K
  class space    used 4795K, committed 4864K, reserved 1048576K
}
Event: 10.833 GC heap before
{Heap before GC invocations=12 (full 0):
 garbage-first heap   total 46080K, used 33606K [0x00000000c8600000, 0x0000000100000000)
  region size 1024K, 14 young (14336K), 2 survivors (2048K)
 Metaspace       used 40472K, committed 40704K, reserved 1089536K
  class space    used 4988K, committed 5056K, reserved 1048576K
}
Event: 10.845 GC heap after
{Heap after GC invocations=13 (full 0):
 garbage-first heap   total 63488K, used 23786K [0x00000000c8600000, 0x0000000100000000)
  region size 1024K, 2 young (2048K), 2 survivors (2048K)
 Metaspace       used 40472K, committed 40704K, reserved 1089536K
  class space    used 4988K, committed 5056K, reserved 1048576K
}

