# JRE version: OpenJDK Runtime Environment (17.0.6) (build 17.0.6+0-b2043.56-10027231)
# Java VM: OpenJDK 64-Bit Server VM (17.0.6+0-b2043.56-10027231, mixed mode, tiered, compressed oops, compressed class ptrs, g1 gc, windows-amd64)
GC Precious Log:
 CPUs: 2 total, 2 available
 Memory: 3552M
 Large Page Support: Disabled
 NUMA Support: Disabled
 Compressed Oops: Enabled (32-bit)
 Heap Region Size: 1M
 Heap Min Capacity: 8M
 Heap Initial Capacity: 56M
 Heap Max Capacity: 890M
 Pre-touch: Disabled
 Parallel Workers: 2
 Concurrent Workers: 1
 Concurrent Refinement Workers: 2
 Periodic GC: Disabled
Heap:
 garbage-first heap   total 66560K, used 41733K [0x00000000c8600000, 0x0000000100000000)
  region size 1024K, 2 young (2048K), 2 survivors (2048K)
 Metaspace       used 52075K, committed 52288K, reserved 1097728K
  class space    used 6170K, committed 6272K, reserved 1048576K
GC Heap History (20 events):
Event: 11.428 GC heap after
{Heap after GC invocations=16 (full 0):
 garbage-first heap   total 46080K, used 25684K [0x00000000c8600000, 0x0000000100000000)
  region size 1024K, 2 young (2048K), 2 survivors (2048K)
 Metaspace       used 45676K, committed 45952K, reserved 1089536K
  class space    used 5566K, committed 5696K, reserved 1048576K
}
Event: 12.703 GC heap before
{Heap before GC invocations=16 (full 0):
 garbage-first heap   total 46080K, used 34900K [0x00000000c8600000, 0x0000000100000000)
  region size 1024K, 12 young (12288K), 2 survivors (2048K)
 Metaspace       used 48056K, committed 48320K, reserved 1097728K
  class space    used 5850K, committed 6016K, reserved 1048576K
}
Event: 12.713 GC heap after
{Heap after GC invocations=17 (full 0):
 garbage-first heap   total 46080K, used 26780K [0x00000000c8600000, 0x0000000100000000)
  region size 1024K, 2 young (2048K), 2 survivors (2048K)
 Metaspace       used 48056K, committed 48320K, reserved 1097728K
  class space    used 5850K, committed 6016K, reserved 1048576K
}
Event: 13.365 GC heap before
{Heap before GC invocations=18 (full 0):
 garbage-first heap   total 46080K, used 38044K [0x00000000c8600000, 0x0000000100000000)
  region size 1024K, 11 young (11264K), 2 survivors (2048K)
 Metaspace       used 48524K, committed 48832K, reserved 1097728K
  class space    used 5886K, committed 6016K, reserved 1048576K
}
Event: 13.380 GC heap after
{Heap after GC invocations=19 (full 0):
 garbage-first heap   total 46080K, used 31024K [0x00000000c8600000, 0x0000000100000000)
  region size 1024K, 2 young (2048K), 2 survivors (2048K)
 Metaspace       used 48524K, committed 48832K, reserved 1097728K
  class space    used 5886K, committed 6016K, reserved 1048576K
}
Event: 13.497 GC heap before
{Heap before GC invocations=19 (full 0):
 garbage-first heap   total 46080K, used 32048K [0x00000000c8600000, 0x0000000100000000)
  region size 1024K, 4 young (4096K), 2 survivors (2048K)
 Metaspace       used 48637K, committed 48896K, reserved 1097728K
  class space    used 5888K, committed 6016K, reserved 1048576K
}
Event: 13.506 GC heap after
{Heap after GC invocations=20 (full 0):
 garbage-first heap   total 55296K, used 31734K [0x00000000c8600000, 0x0000000100000000)
  region size 1024K, 1 young (1024K), 1 survivors (1024K)
 Metaspace       used 48637K, committed 48896K, reserved 1097728K
  class space    used 5888K, committed 6016K, reserved 1048576K
}
Event: 13.843 GC heap before
{Heap before GC invocations=21 (full 0):
 garbage-first heap   total 58368K, used 41974K [0x00000000c8600000, 0x0000000100000000)
  region size 1024K, 11 young (11264K), 1 survivors (1024K)
 Metaspace       used 48676K, committed 48960K, reserved 1097728K
  class space    used 5889K, committed 6016K, reserved 1048576K
}
Event: 13.855 GC heap after
{Heap after GC invocations=22 (full 0):
 garbage-first heap   total 58368K, used 34989K [0x00000000c8600000, 0x0000000100000000)
  region size 1024K, 2 young (2048K), 2 survivors (2048K)
 Metaspace       used 48676K, committed 48960K, reserved 1097728K
  class space    used 5889K, committed 6016K, reserved 1048576K
}
Event: 13.951 GC heap before
{Heap before GC invocations=22 (full 0):
 garbage-first heap   total 58368K, used 44205K [0x00000000c8600000, 0x0000000100000000)
  region size 1024K, 11 young (11264K), 2 survivors (2048K)
 Metaspace       used 48705K, committed 48960K, reserved 1097728K
  class space    used 5889K, committed 6016K, reserved 1048576K
}
Event: 13.959 GC heap after
{Heap after GC invocations=23 (full 0):
 garbage-first heap   total 58368K, used 34934K [0x00000000c8600000, 0x0000000100000000)
  region size 1024K, 1 young (1024K), 1 survivors (1024K)
 Metaspace       used 48705K, committed 48960K, reserved 1097728K
  class space    used 5889K, committed 6016K, reserved 1048576K
}
Event: 14.517 GC heap before
{Heap before GC invocations=24 (full 0):
 garbage-first heap   total 61440K, used 44150K [0x00000000c8600000, 0x0000000100000000)
  region size 1024K, 11 young (11264K), 1 survivors (1024K)
 Metaspace       used 49895K, committed 50112K, reserved 1097728K
  class space    used 6044K, committed 6144K, reserved 1048576K
}
Event: 14.526 GC heap after
{Heap after GC invocations=25 (full 0):
 garbage-first heap   total 61440K, used 35853K [0x00000000c8600000, 0x0000000100000000)
  region size 1024K, 2 young (2048K), 2 survivors (2048K)
 Metaspace       used 49895K, committed 50112K, reserved 1097728K
  class space    used 6044K, committed 6144K, reserved 1048576K
}
Event: 16.750 GC heap before
{Heap before GC invocations=25 (full 0):
 garbage-first heap   total 61440K, used 47117K [0x00000000c8600000, 0x0000000100000000)
  region size 1024K, 14 young (14336K), 2 survivors (2048K)
 Metaspace       used 51655K, committed 51904K, reserved 1097728K
  class space    used 6158K, committed 6272K, reserved 1048576K
}
Event: 16.767 GC heap after
{Heap after GC invocations=26 (full 0):
 garbage-first heap   total 61440K, used 37910K [0x00000000c8600000, 0x0000000100000000)
  region size 1024K, 2 young (2048K), 2 survivors (2048K)
 Metaspace       used 51655K, committed 51904K, reserved 1097728K
  class space    used 6158K, committed 6272K, reserved 1048576K
}
Event: 18.246 GC heap before
{Heap before GC invocations=27 (full 0):
 garbage-first heap   total 66560K, used 48150K [0x00000000c8600000, 0x0000000100000000)
  region size 1024K, 12 young (12288K), 2 survivors (2048K)
 Metaspace       used 51973K, committed 52224K, reserved 1097728K
  class space    used 6169K, committed 6272K, reserved 1048576K
}
Event: 18.262 GC heap after
{Heap after GC invocations=28 (full 0):
 garbage-first heap   total 66560K, used 39847K [0x00000000c8600000, 0x0000000100000000)
  region size 1024K, 2 young (2048K), 2 survivors (2048K)
 Metaspace       used 51973K, committed 52224K, reserved 1097728K
  class space    used 6169K, committed 6272K, reserved 1048576K
}
Event: 18.329 GC heap before
{Heap before GC invocations=28 (full 0):
 garbage-first heap   total 66560K, used 40871K [0x00000000c8600000, 0x0000000100000000)
  region size 1024K, 3 young (3072K), 2 survivors (2048K)
 Metaspace       used 51983K, committed 52224K, reserved 1097728K
  class space    used 6169K, committed 6272K, reserved 1048576K
}
Event: 18.339 GC heap after
{Heap after GC invocations=29 (full 0):
 garbage-first heap   total 66560K, used 39433K [0x00000000c8600000, 0x0000000100000000)
  region size 1024K, 1 young (1024K), 1 survivors (1024K)
 Metaspace       used 51983K, committed 52224K, reserved 1097728K
  class space    used 6169K, committed 6272K, reserved 1048576K
}
Event: 19.198 GC heap before
{Heap before GC invocations=29 (full 0):
 garbage-first heap   total 66560K, used 52745K [0x00000000c8600000, 0x0000000100000000)
  region size 1024K, 14 young (14336K), 1 survivors (1024K)
 Metaspace       used 52075K, committed 52288K, reserved 1097728K
  class space    used 6170K, committed 6272K, reserved 1048576K
}

