# JRE version: OpenJDK Runtime Environment (17.0.6) (build 17.0.6+0-b2043.56-10027231)
# Java VM: OpenJDK 64-Bit Server VM (17.0.6+0-b2043.56-10027231, mixed mode, tiered, compressed oops, compressed class ptrs, g1 gc, windows-amd64)
GC Precious Log:
 CPUs: 2 total, 2 available
 Memory: 3552M
 Large Page Support: Disabled
 NUMA Support: Disabled
 Compressed Oops: Enabled (32-bit)
 Heap Region Size: 1M
 Heap Min Capacity: 8M
 Heap Initial Capacity: 56M
 Heap Max Capacity: 2G
 Pre-touch: Disabled
 Parallel Workers: 2
 Concurrent Workers: 1
 Concurrent Refinement Workers: 2
 Periodic GC: Disabled
Heap:
 garbage-first heap   total 464896K, used 126331K [0x0000000080000000, 0x0000000100000000)
  region size 1024K, 3 young (3072K), 3 survivors (3072K)
 Metaspace       used 123715K, committed 124672K, reserved 1163264K
  class space    used 17021K, committed 17472K, reserved 1048576K
GC Heap History (20 events):
Event: 3166.309 GC heap after
{Heap after GC invocations=79 (full 0):
 garbage-first heap   total 206848K, used 129465K [0x0000000080000000, 0x0000000100000000)
  region size 1024K, 2 young (2048K), 2 survivors (2048K)
 Metaspace       used 117796K, committed 118592K, reserved 1155072K
  class space    used 16204K, committed 16576K, reserved 1048576K
}
Event: 3166.361 GC heap before
{Heap before GC invocations=79 (full 0):
 garbage-first heap   total 206848K, used 137657K [0x0000000080000000, 0x0000000100000000)
  region size 1024K, 10 young (10240K), 2 survivors (2048K)
 Metaspace       used 117798K, committed 118592K, reserved 1155072K
  class space    used 16204K, committed 16576K, reserved 1048576K
}
Event: 3166.478 GC heap after
{Heap after GC invocations=80 (full 0):
 garbage-first heap   total 464896K, used 127113K [0x0000000080000000, 0x0000000100000000)
  region size 1024K, 1 young (1024K), 1 survivors (1024K)
 Metaspace       used 117798K, committed 118592K, reserved 1155072K
  class space    used 16204K, committed 16576K, reserved 1048576K
}
Event: 3167.895 GC heap before
{Heap before GC invocations=80 (full 0):
 garbage-first heap   total 464896K, used 147593K [0x0000000080000000, 0x0000000100000000)
  region size 1024K, 22 young (22528K), 1 survivors (1024K)
 Metaspace       used 120568K, committed 121344K, reserved 1155072K
  class space    used 16678K, committed 17024K, reserved 1048576K
}
Event: 3167.926 GC heap after
{Heap after GC invocations=81 (full 0):
 garbage-first heap   total 464896K, used 125728K [0x0000000080000000, 0x0000000100000000)
  region size 1024K, 2 young (2048K), 2 survivors (2048K)
 Metaspace       used 120568K, committed 121344K, reserved 1155072K
  class space    used 16678K, committed 17024K, reserved 1048576K
}
Event: 3170.051 GC heap before
{Heap before GC invocations=81 (full 0):
 garbage-first heap   total 464896K, used 146208K [0x0000000080000000, 0x0000000100000000)
  region size 1024K, 22 young (22528K), 2 survivors (2048K)
 Metaspace       used 122236K, committed 122944K, reserved 1163264K
  class space    used 16874K, committed 17216K, reserved 1048576K
}
Event: 3170.090 GC heap after
{Heap after GC invocations=82 (full 0):
 garbage-first heap   total 464896K, used 124527K [0x0000000080000000, 0x0000000100000000)
  region size 1024K, 3 young (3072K), 3 survivors (3072K)
 Metaspace       used 122236K, committed 122944K, reserved 1163264K
  class space    used 16874K, committed 17216K, reserved 1048576K
}
Event: 3173.425 GC heap before
{Heap before GC invocations=82 (full 0):
 garbage-first heap   total 464896K, used 142959K [0x0000000080000000, 0x0000000100000000)
  region size 1024K, 22 young (22528K), 3 survivors (3072K)
 Metaspace       used 122775K, committed 123520K, reserved 1163264K
  class space    used 16936K, committed 17280K, reserved 1048576K
}
Event: 3173.504 GC heap after
{Heap after GC invocations=83 (full 0):
 garbage-first heap   total 464896K, used 123637K [0x0000000080000000, 0x0000000100000000)
  region size 1024K, 3 young (3072K), 3 survivors (3072K)
 Metaspace       used 122775K, committed 123520K, reserved 1163264K
  class space    used 16936K, committed 17280K, reserved 1048576K
}
Event: 3264.551 GC heap before
{Heap before GC invocations=83 (full 0):
 garbage-first heap   total 464896K, used 142069K [0x0000000080000000, 0x0000000100000000)
  region size 1024K, 22 young (22528K), 3 survivors (3072K)
 Metaspace       used 123390K, committed 124224K, reserved 1163264K
  class space    used 17013K, committed 17408K, reserved 1048576K
}
Event: 3265.821 GC heap after
{Heap after GC invocations=84 (full 0):
 garbage-first heap   total 464896K, used 123887K [0x0000000080000000, 0x0000000100000000)
  region size 1024K, 3 young (3072K), 3 survivors (3072K)
 Metaspace       used 123390K, committed 124224K, reserved 1163264K
  class space    used 17013K, committed 17408K, reserved 1048576K
}
Event: 3271.083 GC heap before
{Heap before GC invocations=84 (full 0):
 garbage-first heap   total 464896K, used 142319K [0x0000000080000000, 0x0000000100000000)
  region size 1024K, 22 young (22528K), 3 survivors (3072K)
 Metaspace       used 123462K, committed 124288K, reserved 1163264K
  class space    used 17016K, committed 17408K, reserved 1048576K
}
Event: 3272.533 GC heap after
{Heap after GC invocations=85 (full 0):
 garbage-first heap   total 464896K, used 123083K [0x0000000080000000, 0x0000000100000000)
  region size 1024K, 2 young (2048K), 2 survivors (2048K)
 Metaspace       used 123462K, committed 124288K, reserved 1163264K
  class space    used 17016K, committed 17408K, reserved 1048576K
}
Event: 3275.764 GC heap before
{Heap before GC invocations=85 (full 0):
 garbage-first heap   total 464896K, used 143563K [0x0000000080000000, 0x0000000100000000)
  region size 1024K, 22 young (22528K), 2 survivors (2048K)
 Metaspace       used 123727K, committed 124608K, reserved 1163264K
  class space    used 17036K, committed 17472K, reserved 1048576K
}
Event: 3275.793 GC heap after
{Heap after GC invocations=86 (full 0):
 garbage-first heap   total 464896K, used 124877K [0x0000000080000000, 0x0000000100000000)
  region size 1024K, 3 young (3072K), 3 survivors (3072K)
 Metaspace       used 123727K, committed 124608K, reserved 1163264K
  class space    used 17036K, committed 17472K, reserved 1048576K
}
Event: 3282.578 GC heap before
{Heap before GC invocations=87 (full 0):
 garbage-first heap   total 419840K, used 143309K [0x0000000080000000, 0x0000000100000000)
  region size 1024K, 22 young (22528K), 3 survivors (3072K)
 Metaspace       used 123650K, committed 124672K, reserved 1163264K
  class space    used 17013K, committed 17472K, reserved 1048576K
}
Event: 3282.950 GC heap after
{Heap after GC invocations=88 (full 0):
 garbage-first heap   total 419840K, used 125587K [0x0000000080000000, 0x0000000100000000)
  region size 1024K, 1 young (1024K), 1 survivors (1024K)
 Metaspace       used 123650K, committed 124672K, reserved 1163264K
  class space    used 17013K, committed 17472K, reserved 1048576K
}
Event: 3283.209 GC heap before
{Heap before GC invocations=88 (full 0):
 garbage-first heap   total 419840K, used 145043K [0x0000000080000000, 0x0000000100000000)
  region size 1024K, 20 young (20480K), 1 survivors (1024K)
 Metaspace       used 123661K, committed 124672K, reserved 1163264K
  class space    used 17015K, committed 17472K, reserved 1048576K
}
Event: 3283.244 GC heap after
{Heap after GC invocations=89 (full 0):
 garbage-first heap   total 419840K, used 125920K [0x0000000080000000, 0x0000000100000000)
  region size 1024K, 2 young (2048K), 2 survivors (2048K)
 Metaspace       used 123661K, committed 124672K, reserved 1163264K
  class space    used 17015K, committed 17472K, reserved 1048576K
}
Event: 3352.316 GC heap before
{Heap before GC invocations=89 (full 0):
 garbage-first heap   total 419840K, used 144352K [0x0000000080000000, 0x0000000100000000)
  region size 1024K, 20 young (20480K), 2 survivors (2048K)
 Metaspace       used 123715K, committed 124672K, reserved 1163264K
  class space    used 17021K, committed 17472K, reserved 1048576K
}

