# JRE version: OpenJDK Runtime Environment (17.0.6) (build 17.0.6+0-b2043.56-10027231)
# Java VM: OpenJDK 64-Bit Server VM (17.0.6+0-b2043.56-10027231, mixed mode, tiered, compressed oops, compressed class ptrs, g1 gc, windows-amd64)
GC Precious Log:
 CPUs: 2 total, 2 available
 Memory: 3552M
 Large Page Support: Disabled
 NUMA Support: Disabled
 Compressed Oops: Enabled (32-bit)
 Heap Region Size: 1M
 Heap Min Capacity: 8M
 Heap Initial Capacity: 56M
 Heap Max Capacity: 890M
 Pre-touch: Disabled
 Parallel Workers: 2
 Concurrent Workers: 1
 Concurrent Refinement Workers: 2
 Periodic GC: Disabled
Heap:
 garbage-first heap   total 63488K, used 39688K [0x00000000c8600000, 0x0000000100000000)
  region size 1024K, 2 young (2048K), 2 survivors (2048K)
 Metaspace       used 51673K, committed 51968K, reserved 1097728K
  class space    used 6156K, committed 6272K, reserved 1048576K
GC Heap History (20 events):
Event: 6.402 GC heap after
{Heap after GC invocations=9 (full 0):
 garbage-first heap   total 46080K, used 21723K [0x00000000c8600000, 0x0000000100000000)
  region size 1024K, 3 young (3072K), 3 survivors (3072K)
 Metaspace       used 34061K, committed 34240K, reserved 1081344K
  class space    used 4324K, committed 4416K, reserved 1048576K
}
Event: 6.947 GC heap before
{Heap before GC invocations=9 (full 0):
 garbage-first heap   total 46080K, used 27867K [0x00000000c8600000, 0x0000000100000000)
  region size 1024K, 11 young (11264K), 3 survivors (3072K)
 Metaspace       used 35891K, committed 36096K, reserved 1081344K
  class space    used 4532K, committed 4608K, reserved 1048576K
}
Event: 6.959 GC heap after
{Heap after GC invocations=10 (full 0):
 garbage-first heap   total 46080K, used 22619K [0x00000000c8600000, 0x0000000100000000)
  region size 1024K, 1 young (1024K), 1 survivors (1024K)
 Metaspace       used 35891K, committed 36096K, reserved 1081344K
  class space    used 4532K, committed 4608K, reserved 1048576K
}
Event: 7.768 GC heap before
{Heap before GC invocations=11 (full 0):
 garbage-first heap   total 46080K, used 34907K [0x00000000c8600000, 0x0000000100000000)
  region size 1024K, 13 young (13312K), 1 survivors (1024K)
 Metaspace       used 37959K, committed 38144K, reserved 1089536K
  class space    used 4793K, committed 4864K, reserved 1048576K
}
Event: 7.778 GC heap after
{Heap after GC invocations=12 (full 0):
 garbage-first heap   total 46080K, used 22372K [0x00000000c8600000, 0x0000000100000000)
  region size 1024K, 2 young (2048K), 2 survivors (2048K)
 Metaspace       used 37959K, committed 38144K, reserved 1089536K
  class space    used 4793K, committed 4864K, reserved 1048576K
}
Event: 7.825 GC heap before
{Heap before GC invocations=12 (full 0):
 garbage-first heap   total 46080K, used 23396K [0x00000000c8600000, 0x0000000100000000)
  region size 1024K, 3 young (3072K), 2 survivors (2048K)
 Metaspace       used 38140K, committed 38336K, reserved 1089536K
  class space    used 4810K, committed 4864K, reserved 1048576K
}
Event: 7.835 GC heap after
{Heap after GC invocations=13 (full 0):
 garbage-first heap   total 58368K, used 22741K [0x00000000c8600000, 0x0000000100000000)
  region size 1024K, 1 young (1024K), 1 survivors (1024K)
 Metaspace       used 38140K, committed 38336K, reserved 1089536K
  class space    used 4810K, committed 4864K, reserved 1048576K
}
Event: 8.764 GC heap before
{Heap before GC invocations=13 (full 0):
 garbage-first heap   total 58368K, used 41173K [0x00000000c8600000, 0x0000000100000000)
  region size 1024K, 19 young (19456K), 1 survivors (1024K)
 Metaspace       used 41835K, committed 42048K, reserved 1089536K
  class space    used 5124K, committed 5184K, reserved 1048576K
}
Event: 8.773 GC heap after
{Heap after GC invocations=14 (full 0):
 garbage-first heap   total 58368K, used 24849K [0x00000000c8600000, 0x0000000100000000)
  region size 1024K, 3 young (3072K), 3 survivors (3072K)
 Metaspace       used 41835K, committed 42048K, reserved 1089536K
  class space    used 5124K, committed 5184K, reserved 1048576K
}
Event: 10.351 GC heap before
{Heap before GC invocations=14 (full 0):
 garbage-first heap   total 58368K, used 42257K [0x00000000c8600000, 0x0000000100000000)
  region size 1024K, 20 young (20480K), 3 survivors (3072K)
 Metaspace       used 46751K, committed 46976K, reserved 1097728K
  class space    used 5716K, committed 5824K, reserved 1048576K
}
Event: 10.367 GC heap after
{Heap after GC invocations=15 (full 0):
 garbage-first heap   total 58368K, used 25758K [0x00000000c8600000, 0x0000000100000000)
  region size 1024K, 2 young (2048K), 2 survivors (2048K)
 Metaspace       used 46751K, committed 46976K, reserved 1097728K
  class space    used 5716K, committed 5824K, reserved 1048576K
}
Event: 11.560 GC heap before
{Heap before GC invocations=15 (full 0):
 garbage-first heap   total 58368K, used 43166K [0x00000000c8600000, 0x0000000100000000)
  region size 1024K, 18 young (18432K), 2 survivors (2048K)
 Metaspace       used 48665K, committed 48960K, reserved 1097728K
  class space    used 5887K, committed 6016K, reserved 1048576K
}
Event: 11.575 GC heap after
{Heap after GC invocations=16 (full 0):
 garbage-first heap   total 58368K, used 31057K [0x00000000c8600000, 0x0000000100000000)
  region size 1024K, 3 young (3072K), 3 survivors (3072K)
 Metaspace       used 48665K, committed 48960K, reserved 1097728K
  class space    used 5887K, committed 6016K, reserved 1048576K
}
Event: 11.905 GC heap before
{Heap before GC invocations=17 (full 0):
 garbage-first heap   total 58368K, used 44369K [0x00000000c8600000, 0x0000000100000000)
  region size 1024K, 16 young (16384K), 3 survivors (3072K)
 Metaspace       used 48692K, committed 48960K, reserved 1097728K
  class space    used 5887K, committed 6016K, reserved 1048576K
}
Event: 11.928 GC heap after
{Heap after GC invocations=18 (full 0):
 garbage-first heap   total 58368K, used 35582K [0x00000000c8600000, 0x0000000100000000)
  region size 1024K, 2 young (2048K), 2 survivors (2048K)
 Metaspace       used 48692K, committed 48960K, reserved 1097728K
  class space    used 5887K, committed 6016K, reserved 1048576K
}
Event: 12.041 GC heap before
{Heap before GC invocations=18 (full 0):
 garbage-first heap   total 58368K, used 44798K [0x00000000c8600000, 0x0000000100000000)
  region size 1024K, 11 young (11264K), 2 survivors (2048K)
 Metaspace       used 48696K, committed 48960K, reserved 1097728K
  class space    used 5887K, committed 6016K, reserved 1048576K
}
Event: 12.047 GC heap after
{Heap after GC invocations=19 (full 0):
 garbage-first heap   total 58368K, used 36284K [0x00000000c8600000, 0x0000000100000000)
  region size 1024K, 1 young (1024K), 1 survivors (1024K)
 Metaspace       used 48696K, committed 48960K, reserved 1097728K
  class space    used 5887K, committed 6016K, reserved 1048576K
}
Event: 12.764 GC heap before
{Heap before GC invocations=20 (full 0):
 garbage-first heap   total 63488K, used 45500K [0x00000000c8600000, 0x0000000100000000)
  region size 1024K, 10 young (10240K), 1 survivors (1024K)
 Metaspace       used 50327K, committed 50560K, reserved 1097728K
  class space    used 6094K, committed 6208K, reserved 1048576K
}
Event: 12.772 GC heap after
{Heap after GC invocations=21 (full 0):
 garbage-first heap   total 63488K, used 37749K [0x00000000c8600000, 0x0000000100000000)
  region size 1024K, 2 young (2048K), 2 survivors (2048K)
 Metaspace       used 50327K, committed 50560K, reserved 1097728K
  class space    used 6094K, committed 6208K, reserved 1048576K
}
Event: 14.293 GC heap before
{Heap before GC invocations=21 (full 0):
 garbage-first heap   total 63488K, used 47989K [0x00000000c8600000, 0x0000000100000000)
  region size 1024K, 13 young (13312K), 2 survivors (2048K)
 Metaspace       used 51673K, committed 51968K, reserved 1097728K
  class space    used 6156K, committed 6272K, reserved 1048576K
}

